<?xml version="1.0" encoding="UTF-8"?>
<!-- Generated by org.testng.reporters.JUnitReportReporter -->
<testsuite hostname="ATMECSINDT-055" failures="0" tests="3" name="com.atmecs.RestAssured.PostRestAssured" time="2.609" errors="0" timestamp="12 Jul 2019 13:00:20 GMT" skipped="0">
  <testcase classname="com.atmecs.RestAssured.PostRestAssured" name="postRequest" time="0.065"/>
  <testcase classname="com.atmecs.RestAssured.PostRestAssured" name="putRequest" time="0.094"/>
  <testcase classname="com.atmecs.RestAssured.PostRestAssured" name="getRequest" time="2.450"/>
</testsuite> <!-- com.atmecs.RestAssured.PostRestAssured -->
