<?xml version="1.0" encoding="UTF-8"?>
<!-- Generated by org.testng.reporters.JUnitReportReporter -->
<testsuite hostname="ATMECSINDT-055" failures="0" tests="1" name="com.getRequest.GetData" time="3.393" errors="0" timestamp="12 Jul 2019 07:02:49 GMT" skipped="0">
  <testcase classname="com.getRequest.GetData" name="getdata" time="3.393"/>
</testsuite> <!-- com.getRequest.GetData -->
