<?xml version="1.0" encoding="UTF-8"?>
<!-- Generated by org.testng.reporters.JUnitReportReporter -->
<testsuite hostname="ATMECSINDT-055" failures="0" tests="4" name="com.atmecs.RestAssured.PostRestAssured" time="2.716" errors="0" timestamp="15 Jul 2019 05:02:57 GMT" skipped="0">
  <testcase classname="com.atmecs.RestAssured.PostRestAssured" name="getRequest" time="0.105"/>
  <testcase classname="com.atmecs.RestAssured.PostRestAssured" name="postRequest" time="0.072"/>
  <testcase classname="com.atmecs.RestAssured.PostRestAssured" name="putRequest" time="0.047"/>
  <testcase classname="com.atmecs.RestAssured.PostRestAssured" name="deleteRequest" time="2.492"/>
</testsuite> <!-- com.atmecs.RestAssured.PostRestAssured -->
