<?xml version="1.0" encoding="UTF-8"?>
<!-- Generated by org.testng.reporters.JUnitReportReporter -->
<testsuite hostname="ATMECSINDT-055" failures="0" tests="2" name="com.atmecs.RestAssured.RestAssuredBDD" time="3.526" errors="0" timestamp="12 Jul 2019 12:39:59 GMT" skipped="0">
  <testcase classname="com.atmecs.RestAssured.RestAssuredBDD" name="getEmployee" time="0.055"/>
  <testcase classname="com.atmecs.RestAssured.RestAssuredBDD" name="PostEmployee" time="3.471"/>
</testsuite> <!-- com.atmecs.RestAssured.RestAssuredBDD -->
