<?xml version="1.0" encoding="UTF-8"?>
<!-- Generated by org.testng.reporters.JUnitReportReporter -->
<testsuite hostname="ATMECSINDT-055" failures="0" tests="4" name="com.atmecs.RestAssured.RestAssuredBDD" time="3.126" errors="0" timestamp="15 Jul 2019 05:05:23 GMT" skipped="0">
  <testcase classname="com.atmecs.RestAssured.RestAssuredBDD" name="PostEmployee" time="0.711"/>
  <testcase classname="com.atmecs.RestAssured.RestAssuredBDD" name="PutEmployee" time="0.054"/>
  <testcase classname="com.atmecs.RestAssured.RestAssuredBDD" name="getEmployee" time="0.037"/>
  <testcase classname="com.atmecs.RestAssured.RestAssuredBDD" name="DeleteEmployee" time="2.324"/>
</testsuite> <!-- com.atmecs.RestAssured.RestAssuredBDD -->
