<?xml version="1.0" encoding="UTF-8"?>
<!-- Generated by org.testng.reporters.JUnitReportReporter -->
<testsuite hostname="ATMECSINDT-055" failures="0" tests="1" name="com.atmecs.testscripts.TestRemoveFromCart" time="11.811" errors="0" timestamp="05 Aug 2019 14:31:18 GMT" skipped="0">
  <testcase classname="com.atmecs.testscripts.TestRemoveFromCart" name="verifyAddToCart" time="11.811"/>
</testsuite> <!-- com.atmecs.testscripts.TestRemoveFromCart -->
