<?xml version="1.0" encoding="UTF-8"?>
<!-- Generated by org.testng.reporters.JUnitReportReporter -->
<testsuite hostname="ATMECSINDT-055" failures="0" tests="1" name="com.atmecs.testscripts.TestLogin" time="20.371" errors="0" timestamp="02 Aug 2019 14:36:29 GMT" skipped="0">
  <testcase classname="com.atmecs.testscripts.TestLogin" name="verifyLoginPage" time="20.371"/>
</testsuite> <!-- com.atmecs.testscripts.TestLogin -->
