<?xml version="1.0" encoding="UTF-8"?>
<!-- Generated by org.testng.reporters.JUnitReportReporter -->
<testsuite hostname="ATMECSINDT-055" failures="0" tests="1" name="com.atmecs.testscripts.TestRegister" time="9.144" errors="0" timestamp="02 Aug 2019 13:56:07 GMT" skipped="0">
  <testcase classname="com.atmecs.testscripts.TestRegister" name="verifyRegistrationPage" time="9.144"/>
</testsuite> <!-- com.atmecs.testscripts.TestRegister -->
