<?xml version="1.0" encoding="UTF-8"?>
<!-- Generated by org.testng.reporters.JUnitReportReporter -->
<testsuite hostname="ATMECSINDT-055" failures="0" tests="1" name="com.atmecs.testscripts.TestRemoveFromCart" time="11.546" errors="0" timestamp="02 Aug 2019 14:28:42 GMT" skipped="0">
  <testcase classname="com.atmecs.testscripts.TestRemoveFromCart" name="verifyAddToCart" time="11.546"/>
</testsuite> <!-- com.atmecs.testscripts.TestRemoveFromCart -->
